<?xml version="1.0" encoding="UTF-8"?>
<testng-results total="6" passed="6" failed="0" skipped="0">
  <reporter-output>
  </reporter-output>
  <suite started-at="2021-07-22T09:11:52Z" name="Default suite" finished-at="2021-07-22T09:11:53Z" duration-ms="1081">
    <groups>
      <group name="cucumber">
        <method signature="AbstractTestNGCucumberTests.feature(cucumber.api.testng.CucumberFeatureWrapper)[pri:0, instance:Runner.RunCukesTest@1efe439d]" name="feature" class="cucumber.api.testng.AbstractTestNGCucumberTests"/>
      </group> <!-- cucumber -->
    </groups>
    <test started-at="2021-07-22T09:11:52Z" name="Default test" finished-at="2021-07-22T09:11:53Z" duration-ms="1081">
      <class name="Runner.RunCukesTest">
        <test-method is-config="true" signature="setUpClass()[pri:0, instance:Runner.RunCukesTest@1efe439d]" started-at="2021-07-22T14:41:52Z" name="setUpClass" finished-at="2021-07-22T14:41:53Z" duration-ms="655" status="PASS">
          <reporter-output>
          </reporter-output>
        </test-method> <!-- setUpClass -->
        <test-method signature="feature(cucumber.api.testng.CucumberFeatureWrapper)[pri:0, instance:Runner.RunCukesTest@1efe439d]" started-at="2021-07-22T14:41:53Z" name="feature" description="Runs Cucumber Feature" data-provider="features" finished-at="2021-07-22T14:41:53Z" duration-ms="33" status="PASS">
          <params>
            <param index="0">
              <value>
                <![CDATA[Delete items from cart]]>
              </value>
            </param>
          </params>
          <reporter-output>
          </reporter-output>
        </test-method> <!-- feature -->
        <test-method signature="feature(cucumber.api.testng.CucumberFeatureWrapper)[pri:0, instance:Runner.RunCukesTest@1efe439d]" started-at="2021-07-22T14:41:53Z" name="feature" description="Runs Cucumber Feature" data-provider="features" finished-at="2021-07-22T14:41:53Z" duration-ms="12" status="PASS">
          <params>
            <param index="0">
              <value>
                <![CDATA[Invalid Credentials]]>
              </value>
            </param>
          </params>
          <reporter-output>
          </reporter-output>
        </test-method> <!-- feature -->
        <test-method signature="feature(cucumber.api.testng.CucumberFeatureWrapper)[pri:0, instance:Runner.RunCukesTest@1efe439d]" started-at="2021-07-22T14:41:53Z" name="feature" description="Runs Cucumber Feature" data-provider="features" finished-at="2021-07-22T14:41:53Z" duration-ms="7" status="PASS">
          <params>
            <param index="0">
              <value>
                <![CDATA[Application Login]]>
              </value>
            </param>
          </params>
          <reporter-output>
          </reporter-output>
        </test-method> <!-- feature -->
        <test-method signature="feature(cucumber.api.testng.CucumberFeatureWrapper)[pri:0, instance:Runner.RunCukesTest@1efe439d]" started-at="2021-07-22T14:41:53Z" name="feature" description="Runs Cucumber Feature" data-provider="features" finished-at="2021-07-22T14:41:53Z" duration-ms="3" status="PASS">
          <params>
            <param index="0">
              <value>
                <![CDATA[User purchase item without giving details]]>
              </value>
            </param>
          </params>
          <reporter-output>
          </reporter-output>
        </test-method> <!-- feature -->
        <test-method signature="feature(cucumber.api.testng.CucumberFeatureWrapper)[pri:0, instance:Runner.RunCukesTest@1efe439d]" started-at="2021-07-22T14:41:53Z" name="feature" description="Runs Cucumber Feature" data-provider="features" finished-at="2021-07-22T14:41:53Z" duration-ms="4" status="PASS">
          <params>
            <param index="0">
              <value>
                <![CDATA[Order Confirmation For Registered user]]>
              </value>
            </param>
          </params>
          <reporter-output>
          </reporter-output>
        </test-method> <!-- feature -->
        <test-method signature="feature(cucumber.api.testng.CucumberFeatureWrapper)[pri:0, instance:Runner.RunCukesTest@1efe439d]" started-at="2021-07-22T14:41:53Z" name="feature" description="Runs Cucumber Feature" data-provider="features" finished-at="2021-07-22T14:41:53Z" duration-ms="10" status="PASS">
          <params>
            <param index="0">
              <value>
                <![CDATA[Sign Up Functionality]]>
              </value>
            </param>
          </params>
          <reporter-output>
          </reporter-output>
        </test-method> <!-- feature -->
        <test-method is-config="true" signature="tearDownClass()[pri:0, instance:Runner.RunCukesTest@1efe439d]" started-at="2021-07-22T14:41:53Z" name="tearDownClass" finished-at="2021-07-22T14:41:53Z" duration-ms="60" status="PASS">
          <reporter-output>
          </reporter-output>
        </test-method> <!-- tearDownClass -->
      </class> <!-- Runner.RunCukesTest -->
    </test> <!-- Default test -->
  </suite> <!-- Default suite -->
</testng-results>
